mode: set
github.com/neev-kit/neev/cli/main.go:7.13,9.2 1 0
github.com/neev-kit/neev/cli/cmd/bridge.go:13.47,15.3 1 1
github.com/neev-kit/neev/cli/cmd/bridge.go:18.13,20.2 1 1
github.com/neev-kit/neev/cli/cmd/draft.go:13.47,15.3 1 1
github.com/neev-kit/neev/cli/cmd/draft.go:18.13,20.2 1 1
github.com/neev-kit/neev/cli/cmd/init.go:16.47,27.52 4 1
github.com/neev-kit/neev/cli/cmd/init.go:27.52,35.4 3 0
github.com/neev-kit/neev/cli/cmd/init.go:37.3,42.72 2 1
github.com/neev-kit/neev/cli/cmd/init.go:46.13,48.2 1 1
github.com/neev-kit/neev/cli/cmd/root.go:14.47,16.3 1 1
github.com/neev-kit/neev/cli/cmd/root.go:19.16,20.42 1 0
github.com/neev-kit/neev/cli/cmd/root.go:20.42,23.3 2 0
github.com/neev-kit/neev/cli/cmd/root.go:26.14,28.2 0 1
