mode: set
github.com/neev-kit/neev/core/blueprint/draft.go:11.31,17.59 3 1
github.com/neev-kit/neev/core/blueprint/draft.go:17.59,19.3 1 1
github.com/neev-kit/neev/core/blueprint/draft.go:22.2,22.64 1 1
github.com/neev-kit/neev/core/blueprint/draft.go:22.64,24.3 1 0
github.com/neev-kit/neev/core/blueprint/draft.go:27.2,28.29 2 1
github.com/neev-kit/neev/core/blueprint/draft.go:28.29,30.86 2 1
github.com/neev-kit/neev/core/blueprint/draft.go:30.86,32.4 1 0
github.com/neev-kit/neev/core/blueprint/draft.go:35.2,35.12 1 1
github.com/neev-kit/neev/core/blueprint/lay.go:13.38,18.58 2 1
github.com/neev-kit/neev/core/blueprint/lay.go:18.58,20.3 1 1
github.com/neev-kit/neev/core/blueprint/lay.go:23.2,24.55 2 1
github.com/neev-kit/neev/core/blueprint/lay.go:24.55,26.3 1 0
github.com/neev-kit/neev/core/blueprint/lay.go:29.2,30.64 2 1
github.com/neev-kit/neev/core/blueprint/lay.go:30.64,32.3 1 0
github.com/neev-kit/neev/core/blueprint/lay.go:35.2,37.56 3 1
github.com/neev-kit/neev/core/blueprint/lay.go:37.56,39.3 1 0
github.com/neev-kit/neev/core/blueprint/lay.go:42.2,44.52 3 1
github.com/neev-kit/neev/core/blueprint/lay.go:44.52,46.3 1 0
github.com/neev-kit/neev/core/blueprint/lay.go:49.2,49.57 1 1
github.com/neev-kit/neev/core/blueprint/lay.go:49.57,51.3 1 0
github.com/neev-kit/neev/core/blueprint/lay.go:54.2,54.52 1 1
github.com/neev-kit/neev/core/blueprint/lay.go:54.52,56.3 1 0
github.com/neev-kit/neev/core/blueprint/lay.go:58.2,58.12 1 1
github.com/neev-kit/neev/core/blueprint/lay.go:62.38,64.48 1 1
github.com/neev-kit/neev/core/blueprint/lay.go:64.48,67.3 1 1
github.com/neev-kit/neev/core/blueprint/lay.go:70.2,71.16 2 1
github.com/neev-kit/neev/core/blueprint/lay.go:71.16,73.3 1 0
github.com/neev-kit/neev/core/blueprint/lay.go:76.2,76.57 1 1
github.com/neev-kit/neev/core/blueprint/lay.go:76.57,78.3 1 0
github.com/neev-kit/neev/core/blueprint/lay.go:81.2,81.39 1 1
github.com/neev-kit/neev/core/blueprint/lay.go:81.39,83.3 1 0
github.com/neev-kit/neev/core/blueprint/lay.go:85.2,85.12 1 1
github.com/neev-kit/neev/core/blueprint/lay.go:89.52,98.50 5 1
github.com/neev-kit/neev/core/blueprint/lay.go:98.50,102.21 3 1
github.com/neev-kit/neev/core/blueprint/lay.go:102.21,104.4 1 0
github.com/neev-kit/neev/core/blueprint/lay.go:108.2,108.23 1 1
github.com/neev-kit/neev/core/blueprint/lay.go:108.23,110.3 1 1
github.com/neev-kit/neev/core/blueprint/lay.go:113.2,116.67 2 1
github.com/neev-kit/neev/core/blueprint/lay.go:116.67,118.3 1 0
github.com/neev-kit/neev/core/blueprint/lay.go:120.2,120.12 1 1
