mode: set
github.com/neev-kit/neev/core/blueprint/draft.go:11.31,17.59 3 1
github.com/neev-kit/neev/core/blueprint/draft.go:17.59,19.3 1 1
github.com/neev-kit/neev/core/blueprint/draft.go:22.2,22.64 1 1
github.com/neev-kit/neev/core/blueprint/draft.go:22.64,24.3 1 0
github.com/neev-kit/neev/core/blueprint/draft.go:27.2,28.29 2 1
github.com/neev-kit/neev/core/blueprint/draft.go:28.29,30.86 2 1
github.com/neev-kit/neev/core/blueprint/draft.go:30.86,32.4 1 0
github.com/neev-kit/neev/core/blueprint/draft.go:35.2,35.12 1 1
github.com/neev-kit/neev/core/bridge/context.go:11.49,17.79 4 1
github.com/neev-kit/neev/core/bridge/context.go:17.79,19.3 1 1
github.com/neev-kit/neev/core/bridge/context.go:22.2,24.16 3 1
github.com/neev-kit/neev/core/bridge/context.go:24.16,26.3 1 1
github.com/neev-kit/neev/core/bridge/context.go:28.2,28.29 1 1
github.com/neev-kit/neev/core/bridge/context.go:28.29,29.19 1 1
github.com/neev-kit/neev/core/bridge/context.go:29.19,31.79 2 1
github.com/neev-kit/neev/core/bridge/context.go:31.79,33.5 1 0
github.com/neev-kit/neev/core/bridge/context.go:37.2,37.37 1 1
github.com/neev-kit/neev/core/bridge/context.go:40.79,42.16 2 1
github.com/neev-kit/neev/core/bridge/context.go:42.16,44.3 1 1
github.com/neev-kit/neev/core/bridge/context.go:46.2,46.29 1 1
github.com/neev-kit/neev/core/bridge/context.go:46.29,47.41 1 1
github.com/neev-kit/neev/core/bridge/context.go:47.41,49.18 2 1
github.com/neev-kit/neev/core/bridge/context.go:49.18,51.5 1 1
github.com/neev-kit/neev/core/bridge/context.go:52.4,52.63 1 1
github.com/neev-kit/neev/core/bridge/context.go:52.63,54.5 1 1
github.com/neev-kit/neev/core/bridge/context.go:58.2,58.12 1 1
github.com/neev-kit/neev/core/foundation/init.go:19.35,23.45 2 1
github.com/neev-kit/neev/core/foundation/init.go:23.45,25.3 1 1
github.com/neev-kit/neev/core/foundation/init.go:25.8,25.32 1 1
github.com/neev-kit/neev/core/foundation/init.go:25.32,27.3 1 1
github.com/neev-kit/neev/core/foundation/init.go:30.2,30.52 1 1
github.com/neev-kit/neev/core/foundation/init.go:30.52,32.3 1 1
github.com/neev-kit/neev/core/foundation/init.go:35.2,36.58 2 1
github.com/neev-kit/neev/core/foundation/init.go:36.58,38.3 1 0
github.com/neev-kit/neev/core/foundation/init.go:41.2,42.58 2 1
github.com/neev-kit/neev/core/foundation/init.go:42.58,44.3 1 0
github.com/neev-kit/neev/core/foundation/init.go:47.2,55.16 4 1
github.com/neev-kit/neev/core/foundation/init.go:55.16,57.3 1 0
github.com/neev-kit/neev/core/foundation/init.go:59.2,59.67 1 1
github.com/neev-kit/neev/core/foundation/init.go:59.67,61.3 1 0
github.com/neev-kit/neev/core/foundation/init.go:63.2,63.12 1 1
